Starting OmniSharp server at 2/14/2019, 6:32:01 PM
    Target: /home/demir6693/Workspace/dotNet/webshopApi

OmniSharp server started.
    Path: /root/.vscode/extensions/ms-vscode.csharp-1.17.1/.omnisharp/1.32.8/run
    PID: 18180

[info]: OmniSharp.Stdio.Host
        Starting OmniSharp on centos 7.0 (x64)
[info]: OmniSharp.Services.DotNetCliService
        DotNetPath set to dotnet
[info]: OmniSharp.MSBuild.Discovery.MSBuildLocator
        Located 1 MSBuild instance(s)
            1: StandAlone 15.0 - "/root/.vscode/extensions/ms-vscode.csharp-1.17.1/.omnisharp/1.32.8/omnisharp/msbuild/15.0/Bin"
[info]: OmniSharp.MSBuild.Discovery.MSBuildLocator
        MSBUILD_EXE_PATH environment variable set to '/root/.vscode/extensions/ms-vscode.csharp-1.17.1/.omnisharp/1.32.8/omnisharp/msbuild/15.0/Bin/MSBuild.dll'
[info]: OmniSharp.MSBuild.Discovery.MSBuildLocator
        Registered MSBuild instance: StandAlone 15.0 - "/root/.vscode/extensions/ms-vscode.csharp-1.17.1/.omnisharp/1.32.8/omnisharp/msbuild/15.0/Bin"
            MSBuildExtensionsPath = /root/.vscode/extensions/ms-vscode.csharp-1.17.1/.omnisharp/1.32.8/omnisharp/msbuild
            BypassFrameworkInstallChecks = true
            CscToolPath = /root/.vscode/extensions/ms-vscode.csharp-1.17.1/.omnisharp/1.32.8/omnisharp/msbuild/15.0/Bin/Roslyn
            CscToolExe = csc.exe
            MSBuildToolsPath = /root/.vscode/extensions/ms-vscode.csharp-1.17.1/.omnisharp/1.32.8/omnisharp/msbuild/15.0/Bin
[info]: OmniSharp.Cake.CakeProjectSystem
        Detecting Cake files in '/home/demir6693/Workspace/dotNet/webshopApi'.
[info]: OmniSharp.Cake.CakeProjectSystem
        Could not find any Cake files
[info]: OmniSharp.WorkspaceInitializer
        Project system 'OmniSharp.DotNet.DotNetProjectSystem' is disabled in the configuration.
[info]: OmniSharp.MSBuild.ProjectSystem
        No solution files found in '/home/demir6693/Workspace/dotNet/webshopApi'
[info]: OmniSharp.MSBuild.ProjectManager
        Queue project update for '/home/demir6693/Workspace/dotNet/webshopApi/webshopApi.csproj'
[info]: OmniSharp.Script.ScriptProjectSystem
        Detecting CSX files in '/home/demir6693/Workspace/dotNet/webshopApi'.
[info]: OmniSharp.Script.ScriptProjectSystem
        Could not find any CSX files
[info]: OmniSharp.WorkspaceInitializer
        Invoking Workspace Options Provider: OmniSharp.Roslyn.CSharp.Services.CSharpWorkspaceOptionsProvider
[info]: OmniSharp.WorkspaceInitializer
        Configuration finished.
[info]: OmniSharp.Stdio.Host
        Omnisharp server running using Stdio at location '/home/demir6693/Workspace/dotNet/webshopApi' on host 18098.
[info]: OmniSharp.MSBuild.ProjectManager
        Loading project: /home/demir6693/Workspace/dotNet/webshopApi/webshopApi.csproj
[info]: OmniSharp.MSBuild.ProjectManager
        Successfully loaded project file '/home/demir6693/Workspace/dotNet/webshopApi/webshopApi.csproj'.
[info]: OmniSharp.MSBuild.ProjectManager
        Adding project '/home/demir6693/Workspace/dotNet/webshopApi/webshopApi.csproj'
[info]: OmniSharp.MSBuild.ProjectManager
        Update project: webshopApi
[info]: OmniSharp.Roslyn.CSharp.Services.Refactoring.V2.RunCodeActionService
        Applying code action: using System.ComponentModel.DataAnnotations;
[info]: OmniSharp.Roslyn.CSharp.Services.Refactoring.V2.RunCodeActionService
        Applying code action: using Microsoft.EntityFrameworkCore;
[info]: OmniSharp.MSBuild.ProjectManager
        Queue project update for '/home/demir6693/Workspace/dotNet/webshopApi/webshopApi.csproj'
[info]: OmniSharp.MSBuild.ProjectManager
        Queue project update for '/home/demir6693/Workspace/dotNet/webshopApi/webshopApi.csproj'
[info]: OmniSharp.MSBuild.ProjectManager
        Queue project update for '/home/demir6693/Workspace/dotNet/webshopApi/webshopApi.csproj'
[info]: OmniSharp.MSBuild.ProjectManager
        Loading project: /home/demir6693/Workspace/dotNet/webshopApi/webshopApi.csproj
[info]: OmniSharp.MSBuild.ProjectManager
        Successfully loaded project file '/home/demir6693/Workspace/dotNet/webshopApi/webshopApi.csproj'.
[info]: OmniSharp.MSBuild.ProjectManager
        Update project: webshopApi
[info]: OmniSharp.Roslyn.CSharp.Services.Refactoring.V2.RunCodeActionService
        Applying code action: using Microsoft.AspNetCore.Mvc;
[info]: OmniSharp.Roslyn.CSharp.Services.Refactoring.V2.RunCodeActionService
        Applying code action: using System.Collections.Generic;
